<?xml version="1.0" encoding="UTF-8"?>
<robot generator="Robot 4.1.2 (Python 3.8.10 on linux)" generated="20211214 16:46:20.616" rpa="false" schemaversion="2">
<suite id="s1" name="Deactivate" source="/home/thisyahlen/PycharmProjects/Demo/deactivate.robot">
<test id="s1-t1" name="Open Deactivate Account Page">
<kw name="Login" library="logindeactivate">
<kw name="Open Browser" library="SeleniumLibrary">
<arg>https://app.deriv.com/account/deactivate-account</arg>
<arg>chrome</arg>
<doc>Opens a new browser instance to the optional ``url``.</doc>
<msg timestamp="20211214 16:46:20.705" level="INFO">Opening browser 'chrome' to base url 'https://app.deriv.com/account/deactivate-account'.</msg>
<status status="PASS" starttime="20211214 16:46:20.705" endtime="20211214 16:46:29.384"/>
</kw>
<kw name="Maximize Browser Window" library="SeleniumLibrary">
<doc>Maximizes current browser window.</doc>
<status status="PASS" starttime="20211214 16:46:29.384" endtime="20211214 16:46:29.497"/>
</kw>
<kw name="Wait Until Page Contains Element" library="SeleniumLibrary">
<arg>//*[@id="txtEmail"]</arg>
<arg>20</arg>
<doc>Waits until the element ``locator`` appears on the current page.</doc>
<status status="PASS" starttime="20211214 16:46:29.497" endtime="20211214 16:46:29.522"/>
</kw>
<kw name="Click Element" library="SeleniumLibrary">
<arg>//*[@id="txtEmail"]</arg>
<doc>Click the element identified by ``locator``.</doc>
<msg timestamp="20211214 16:46:29.522" level="INFO">Clicking element '//*[@id="txtEmail"]'.</msg>
<status status="PASS" starttime="20211214 16:46:29.522" endtime="20211214 16:46:29.556"/>
</kw>
<kw name="Input Text" library="SeleniumLibrary">
<arg>//*[@id="txtEmail"]</arg>
<arg>thisyahlen27+3@gmail.com</arg>
<doc>Types the given ``text`` into the text field identified by ``locator``.</doc>
<msg timestamp="20211214 16:46:29.556" level="INFO">Typing text 'thisyahlen27+3@gmail.com' into text field '//*[@id="txtEmail"]'.</msg>
<status status="PASS" starttime="20211214 16:46:29.556" endtime="20211214 16:46:29.614"/>
</kw>
<kw name="Click Element" library="SeleniumLibrary">
<arg>//*[@id="txtPass"]</arg>
<doc>Click the element identified by ``locator``.</doc>
<msg timestamp="20211214 16:46:29.615" level="INFO">Clicking element '//*[@id="txtPass"]'.</msg>
<status status="PASS" starttime="20211214 16:46:29.614" endtime="20211214 16:46:29.655"/>
</kw>
<kw name="Input Text" library="SeleniumLibrary">
<arg>//*[@id="txtPass"]</arg>
<arg>Testing1234</arg>
<doc>Types the given ``text`` into the text field identified by ``locator``.</doc>
<msg timestamp="20211214 16:46:29.656" level="INFO">Typing text 'Testing1234' into text field '//*[@id="txtPass"]'.</msg>
<status status="PASS" starttime="20211214 16:46:29.655" endtime="20211214 16:46:29.720"/>
</kw>
<kw name="Click Element" library="SeleniumLibrary">
<arg>//*[@id="lost-password-container"]/button</arg>
<doc>Click the element identified by ``locator``.</doc>
<msg timestamp="20211214 16:46:29.721" level="INFO">Clicking element '//*[@id="lost-password-container"]/button'.</msg>
<status status="PASS" starttime="20211214 16:46:29.720" endtime="20211214 16:46:32.309"/>
</kw>
<kw name="Wait Until Page Contains Element" library="SeleniumLibrary">
<arg>//*[@class="dc-btn dc-btn--primary dc-btn__large deactivate-account__button"]</arg>
<arg>30</arg>
<doc>Waits until the element ``locator`` appears on the current page.</doc>
<status status="PASS" starttime="20211214 16:46:32.309" endtime="20211214 16:46:33.244"/>
</kw>
<kw name="Click Element" library="SeleniumLibrary">
<arg>//*[@class="dc-btn dc-btn--primary dc-btn__large deactivate-account__button"]</arg>
<doc>Click the element identified by ``locator``.</doc>
<msg timestamp="20211214 16:46:33.245" level="INFO">Clicking element '//*[@class="dc-btn dc-btn--primary dc-btn__large deactivate-account__button"]'.</msg>
<status status="PASS" starttime="20211214 16:46:33.244" endtime="20211214 16:46:33.309"/>
</kw>
<status status="PASS" starttime="20211214 16:46:20.705" endtime="20211214 16:46:33.309"/>
</kw>
<kw name="Select" library="selectdeactivate">
<kw name="Wait Until Page Contains Element" library="SeleniumLibrary">
<arg>//*[@id="app_contents"]/div/div/div/div/div[2]/div/div[2]/div/div/div/form/label[1]/span[1]</arg>
<arg>30</arg>
<doc>Waits until the element ``locator`` appears on the current page.</doc>
<status status="PASS" starttime="20211214 16:46:33.311" endtime="20211214 16:46:33.326"/>
</kw>
<kw name="Click Element" library="SeleniumLibrary">
<arg>//*[@id="app_contents"]/div/div/div/div/div[2]/div/div[2]/div/div/div/form/label[1]/span[1]</arg>
<doc>Click the element identified by ``locator``.</doc>
<msg timestamp="20211214 16:46:33.326" level="INFO">Clicking element '//*[@id="app_contents"]/div/div/div/div/div[2]/div/div[2]/div/div/div/form/label[1]/span[1]'.</msg>
<status status="PASS" starttime="20211214 16:46:33.326" endtime="20211214 16:46:33.387"/>
</kw>
<kw name="Click Element" library="SeleniumLibrary">
<arg>//*[@id="app_contents"]/div/div/div/div/div[2]/div/div[2]/div/div/div/form/label[8]/span[1]</arg>
<doc>Click the element identified by ``locator``.</doc>
<msg timestamp="20211214 16:46:33.387" level="INFO">Clicking element '//*[@id="app_contents"]/div/div/div/div/div[2]/div/div[2]/div/div/div/form/label[8]/span[1]'.</msg>
<status status="PASS" starttime="20211214 16:46:33.387" endtime="20211214 16:46:33.439"/>
</kw>
<kw name="Click Element" library="SeleniumLibrary">
<arg>name=other_trading_platforms</arg>
<doc>Click the element identified by ``locator``.</doc>
<msg timestamp="20211214 16:46:33.440" level="INFO">Clicking element 'name=other_trading_platforms'.</msg>
<status status="PASS" starttime="20211214 16:46:33.439" endtime="20211214 16:46:33.485"/>
</kw>
<kw name="Input Text" library="SeleniumLibrary">
<arg>other_trading_platforms</arg>
<arg>because me no like</arg>
<doc>Types the given ``text`` into the text field identified by ``locator``.</doc>
<msg timestamp="20211214 16:46:33.486" level="INFO">Typing text 'because me no like' into text field 'other_trading_platforms'.</msg>
<status status="PASS" starttime="20211214 16:46:33.485" endtime="20211214 16:46:33.631"/>
</kw>
<kw name="Click Element" library="SeleniumLibrary">
<arg>//*[@id="app_contents"]/div/div/div/div/div[2]/div/div[2]/div/div/div/form/div[3]/div[2]/button[1]</arg>
<doc>Click the element identified by ``locator``.</doc>
<msg timestamp="20211214 16:46:33.632" level="INFO">Clicking element '//*[@id="app_contents"]/div/div/div/div/div[2]/div/div[2]/div/div/div/form/div[3]/div[2]/button[1]'.</msg>
<status status="PASS" starttime="20211214 16:46:33.631" endtime="20211214 16:46:33.703"/>
</kw>
<status status="PASS" starttime="20211214 16:46:33.310" endtime="20211214 16:46:33.703"/>
</kw>
<status status="PASS" starttime="20211214 16:46:20.704" endtime="20211214 16:46:33.703"/>
</test>
<doc>Suite description</doc>
<status status="PASS" starttime="20211214 16:46:20.616" endtime="20211214 16:46:33.704"/>
</suite>
<statistics>
<total>
<stat pass="1" fail="0" skip="0">All Tests</stat>
</total>
<tag>
</tag>
<suite>
<stat pass="1" fail="0" skip="0" id="s1" name="Deactivate">Deactivate</stat>
</suite>
</statistics>
<errors>
</errors>
</robot>
